<?xml version="1.0" encoding="UTF-8"?>
<robot generator="Robot 6.1.1 (Python 3.11.5 on darwin)" generated="20240119 17:00:20.724" rpa="false" schemaversion="4">
<suite id="s1" name="Test7" source="/Users/pritamkumar/PycharmProjects/QATrainingRobotFramework/TestCases/Test7.robot">
<test id="s1-t1" name="Agent Campaign selection test case" line="13">
<kw name="start browser and maximize" library="BaseKeywords" type="SETUP">
<kw name="Open Browser" library="SeleniumLibrary">
<arg>${url}</arg>
<arg>${browser}</arg>
<doc>Opens a new browser instance to the optional ``url``.</doc>
<msg timestamp="20240119 17:00:20.830" level="INFO">Opening browser 'chrome' to base url 'https://validation.ameyo.com:8443/app'.</msg>
<status status="PASS" starttime="20240119 17:00:20.829" endtime="20240119 17:00:39.863"/>
</kw>
<kw name="Maximize Browser Window" library="SeleniumLibrary">
<doc>Maximizes current browser window.</doc>
<status status="PASS" starttime="20240119 17:00:39.864" endtime="20240119 17:00:44.597"/>
</kw>
<kw name="Get Selenium Implicit Wait" library="SeleniumLibrary">
<var>${imp_wait}</var>
<doc>Gets the implicit wait value used by Selenium.</doc>
<msg timestamp="20240119 17:00:44.598" level="INFO">${imp_wait} = 0 seconds</msg>
<status status="PASS" starttime="20240119 17:00:44.597" endtime="20240119 17:00:44.598"/>
</kw>
<kw name="Log To Console" library="BuiltIn">
<arg>${imp_wait}</arg>
<doc>Logs the given message to the console.</doc>
<status status="PASS" starttime="20240119 17:00:44.598" endtime="20240119 17:00:44.598"/>
</kw>
<kw name="Set Selenium Implicit Wait" library="SeleniumLibrary">
<arg>0seconds</arg>
<doc>Sets the implicit wait value used by Selenium.</doc>
<status status="PASS" starttime="20240119 17:00:44.598" endtime="20240119 17:00:44.599"/>
</kw>
<kw name="Log To Console" library="BuiltIn">
<arg>${imp_wait}</arg>
<doc>Logs the given message to the console.</doc>
<status status="PASS" starttime="20240119 17:00:44.599" endtime="20240119 17:00:44.600"/>
</kw>
<status status="PASS" starttime="20240119 17:00:20.829" endtime="20240119 17:00:44.600"/>
</kw>
<kw name="Login user" library="LoginPageKeywords">
<arg>${user_id}</arg>
<arg>${password}</arg>
<kw name="Input Text With Explicit Wait" library="BaseKeywords">
<arg>${user_id_x}</arg>
<arg>${user_id}</arg>
<arg>10s</arg>
<kw name="Wait Until Element Is Visible" library="SeleniumLibrary">
<arg>${locator}</arg>
<arg>${timeout}</arg>
<doc>Waits until the element ``locator`` is visible.</doc>
<status status="PASS" starttime="20240119 17:00:44.601" endtime="20240119 17:00:47.505"/>
</kw>
<kw name="Input Text" library="SeleniumLibrary">
<arg>${locator}</arg>
<arg>${text}</arg>
<doc>Types the given ``text`` into the text field identified by ``locator``.</doc>
<msg timestamp="20240119 17:00:47.505" level="INFO">Typing text 'ron' into text field 'xpath://input[@automationid='enterLoginUsername']'.</msg>
<status status="PASS" starttime="20240119 17:00:47.505" endtime="20240119 17:00:49.282"/>
</kw>
<status status="PASS" starttime="20240119 17:00:44.600" endtime="20240119 17:00:49.282"/>
</kw>
<kw name="Input Text With Explicit Wait" library="BaseKeywords">
<arg>${user_passwd_x}</arg>
<arg>${password}</arg>
<arg>5s</arg>
<kw name="Wait Until Element Is Visible" library="SeleniumLibrary">
<arg>${locator}</arg>
<arg>${timeout}</arg>
<doc>Waits until the element ``locator`` is visible.</doc>
<status status="PASS" starttime="20240119 17:00:49.282" endtime="20240119 17:00:49.395"/>
</kw>
<kw name="Input Text" library="SeleniumLibrary">
<arg>${locator}</arg>
<arg>${text}</arg>
<doc>Types the given ``text`` into the text field identified by ``locator``.</doc>
<msg timestamp="20240119 17:00:49.396" level="INFO">Typing text 'ron' into text field 'xpath://input[@automationid='enterLoginPassword']'.</msg>
<status status="PASS" starttime="20240119 17:00:49.395" endtime="20240119 17:00:50.455"/>
</kw>
<status status="PASS" starttime="20240119 17:00:49.282" endtime="20240119 17:00:50.455"/>
</kw>
<kw name="Click Element With Explicit Wait" library="BaseKeywords">
<arg>${login_button_x}</arg>
<kw name="Wait Until Element is Clickable" library="BaseKeywords">
<arg>${locator}</arg>
<arg>${timeout}</arg>
<kw name="Wait Until Element Is Visible" library="SeleniumLibrary">
<arg>${locator}</arg>
<arg>${timeout}</arg>
<doc>Waits until the element ``locator`` is visible.</doc>
<status status="PASS" starttime="20240119 17:00:50.455" endtime="20240119 17:00:50.614"/>
</kw>
<kw name="Wait Until Element Is Enabled" library="SeleniumLibrary">
<arg>${locator}</arg>
<arg>${timeout}</arg>
<doc>Waits until the element ``locator`` is enabled.</doc>
<status status="PASS" starttime="20240119 17:00:50.614" endtime="20240119 17:00:50.705"/>
</kw>
<status status="PASS" starttime="20240119 17:00:50.455" endtime="20240119 17:00:50.705"/>
</kw>
<kw name="Click Element" library="SeleniumLibrary">
<arg>${locator}</arg>
<doc>Click the element identified by ``locator``.</doc>
<msg timestamp="20240119 17:00:50.706" level="INFO">Clicking element 'xpath://button[@automationid='loginButton']'.</msg>
<status status="PASS" starttime="20240119 17:00:50.706" endtime="20240119 17:00:51.763"/>
</kw>
<status status="PASS" starttime="20240119 17:00:50.455" endtime="20240119 17:00:51.763"/>
</kw>
<status status="PASS" starttime="20240119 17:00:44.600" endtime="20240119 17:00:51.763"/>
</kw>
<kw name="Force Login User" library="LoginPageKeywords">
<kw name="Run Keyword And Return Status" library="BuiltIn">
<var>${force_login_visible}</var>
<arg>page should contain element</arg>
<arg>${force_login_heading_x}</arg>
<doc>Runs the given keyword with given arguments and returns the status as a Boolean value.</doc>
<kw name="Page Should Contain Element" library="SeleniumLibrary">
<arg>${force_login_heading_x}</arg>
<doc>Verifies that element ``locator`` is found on the current page.</doc>
<msg timestamp="20240119 17:00:52.549" level="INFO" html="true">&lt;/td&gt;&lt;/tr&gt;&lt;tr&gt;&lt;td colspan="3"&gt;&lt;a href="selenium-screenshot-22.png"&gt;&lt;img src="selenium-screenshot-22.png" width="800px"&gt;&lt;/a&gt;</msg>
<msg timestamp="20240119 17:00:52.549" level="FAIL">Page should have contained element 'xpath://*[@automationid='confirmationModalTitle']' but did not.</msg>
<status status="FAIL" starttime="20240119 17:00:51.763" endtime="20240119 17:00:52.554"/>
</kw>
<msg timestamp="20240119 17:00:52.554" level="INFO">${force_login_visible} = False</msg>
<status status="PASS" starttime="20240119 17:00:51.763" endtime="20240119 17:00:52.554"/>
</kw>
<kw name="Run Keyword If" library="BuiltIn">
<arg>'${force_login_visible}' == 'True'</arg>
<arg>click element</arg>
<arg>${force_login_ok_button_x}</arg>
<doc>Runs the given keyword with the given arguments, if ``condition`` is true.</doc>
<status status="PASS" starttime="20240119 17:00:52.554" endtime="20240119 17:00:52.556"/>
</kw>
<status status="PASS" starttime="20240119 17:00:51.763" endtime="20240119 17:00:52.556"/>
</kw>
<kw name="Agent Work Mode Selection" library="LoginPageKeywords">
<arg>${user_work_mode}</arg>
<kw name="Wait Until Page Contains" library="SeleniumLibrary">
<arg>Working Mode Selection</arg>
<arg>timeout=10s</arg>
<doc>Waits until ``text`` appears on the current page.</doc>
<status status="PASS" starttime="20240119 17:00:52.556" endtime="20240119 17:01:02.120"/>
</kw>
<kw name="Select One Value from Multiple Elements" library="BaseKeywords">
<arg>${agent_work_modes_list_x}</arg>
<arg>${user_work_mode}</arg>
<kw name="Log To Console" library="BuiltIn">
<arg>value passed by user is ${value}</arg>
<doc>Logs the given message to the console.</doc>
<status status="PASS" starttime="20240119 17:01:02.120" endtime="20240119 17:01:02.121"/>
</kw>
<kw name="Get WebElements" library="SeleniumLibrary">
<var>${elements}</var>
<arg>${locator}</arg>
<doc>Returns a list of WebElement objects matching the ``locator``.</doc>
<msg timestamp="20240119 17:01:02.172" level="INFO">${elements} = [&lt;selenium.webdriver.remote.webelement.WebElement (session="5be212b8ad81934a050efbb0f568c4a7", element="4098D46A24B9FEBA949E6D5E528CD3F0_element_44")&gt;, &lt;selenium.webdriver.remote.webelement.WebElement...</msg>
<status status="PASS" starttime="20240119 17:01:02.121" endtime="20240119 17:01:02.172"/>
</kw>
<for flavor="IN">
<var>${element}</var>
<value>@{elements}</value>
<iter>
<var name="${element}">&lt;selenium.webdriver.remote.webelement.WebElement (session="5be212b8ad81934a050efbb0f568c4a7", element="4098D46A24B9FEBA949E6D5E528CD3F0_element_44")&gt;</var>
<kw name="Get Text" library="SeleniumLibrary">
<var>${text}</var>
<arg>${element}</arg>
<doc>Returns the text value of the element identified by ``locator``.</doc>
<msg timestamp="20240119 17:01:02.249" level="INFO">${text} = WFO (Work From Office)</msg>
<status status="PASS" starttime="20240119 17:01:02.173" endtime="20240119 17:01:02.249"/>
</kw>
<if>
<branch type="IF" condition="'${text}' == '${value}'">
<kw name="Click Element" library="SeleniumLibrary">
<arg>${element}</arg>
<doc>Click the element identified by ``locator``.</doc>
<status status="NOT RUN" starttime="20240119 17:01:02.249" endtime="20240119 17:01:02.249"/>
</kw>
<kw name="Log To Console" library="BuiltIn">
<arg>clicking on element with text ${text}</arg>
<doc>Logs the given message to the console.</doc>
<status status="NOT RUN" starttime="20240119 17:01:02.249" endtime="20240119 17:01:02.249"/>
</kw>
<break>
<status status="NOT RUN" starttime="20240119 17:01:02.249" endtime="20240119 17:01:02.249"/>
</break>
<status status="NOT RUN" starttime="20240119 17:01:02.249" endtime="20240119 17:01:02.249"/>
</branch>
<status status="PASS" starttime="20240119 17:01:02.249" endtime="20240119 17:01:02.249"/>
</if>
<status status="PASS" starttime="20240119 17:01:02.173" endtime="20240119 17:01:02.249"/>
</iter>
<iter>
<var name="${element}">&lt;selenium.webdriver.remote.webelement.WebElement (session="5be212b8ad81934a050efbb0f568c4a7", element="4098D46A24B9FEBA949E6D5E528CD3F0_element_45")&gt;</var>
<kw name="Get Text" library="SeleniumLibrary">
<var>${text}</var>
<arg>${element}</arg>
<doc>Returns the text value of the element identified by ``locator``.</doc>
<msg timestamp="20240119 17:01:02.455" level="INFO">${text} = WFH (Work From Home)</msg>
<status status="PASS" starttime="20240119 17:01:02.249" endtime="20240119 17:01:02.455"/>
</kw>
<if>
<branch type="IF" condition="'${text}' == '${value}'">
<kw name="Click Element" library="SeleniumLibrary">
<arg>${element}</arg>
<doc>Click the element identified by ``locator``.</doc>
<msg timestamp="20240119 17:01:02.456" level="INFO">Clicking element '&lt;selenium.webdriver.remote.webelement.WebElement (session="5be212b8ad81934a050efbb0f568c4a7", element="4098D46A24B9FEBA949E6D5E528CD3F0_element_45")&gt;'.</msg>
<status status="PASS" starttime="20240119 17:01:02.456" endtime="20240119 17:01:02.691"/>
</kw>
<kw name="Log To Console" library="BuiltIn">
<arg>clicking on element with text ${text}</arg>
<doc>Logs the given message to the console.</doc>
<status status="PASS" starttime="20240119 17:01:02.691" endtime="20240119 17:01:02.691"/>
</kw>
<break>
<status status="PASS" starttime="20240119 17:01:02.691" endtime="20240119 17:01:02.691"/>
</break>
<status status="PASS" starttime="20240119 17:01:02.455" endtime="20240119 17:01:02.691"/>
</branch>
<status status="PASS" starttime="20240119 17:01:02.455" endtime="20240119 17:01:02.691"/>
</if>
<status status="PASS" starttime="20240119 17:01:02.249" endtime="20240119 17:01:02.691"/>
</iter>
<status status="PASS" starttime="20240119 17:01:02.173" endtime="20240119 17:01:02.691"/>
</for>
<status status="PASS" starttime="20240119 17:01:02.120" endtime="20240119 17:01:02.691"/>
</kw>
<kw name="Click Element With Explicit Wait" library="BaseKeywords">
<arg>${agent_work_mode_next_button_x}</arg>
<kw name="Wait Until Element is Clickable" library="BaseKeywords">
<arg>${locator}</arg>
<arg>${timeout}</arg>
<kw name="Wait Until Element Is Visible" library="SeleniumLibrary">
<arg>${locator}</arg>
<arg>${timeout}</arg>
<doc>Waits until the element ``locator`` is visible.</doc>
<status status="PASS" starttime="20240119 17:01:02.692" endtime="20240119 17:01:02.739"/>
</kw>
<kw name="Wait Until Element Is Enabled" library="SeleniumLibrary">
<arg>${locator}</arg>
<arg>${timeout}</arg>
<doc>Waits until the element ``locator`` is enabled.</doc>
<status status="PASS" starttime="20240119 17:01:02.739" endtime="20240119 17:01:02.877"/>
</kw>
<status status="PASS" starttime="20240119 17:01:02.692" endtime="20240119 17:01:02.877"/>
</kw>
<kw name="Click Element" library="SeleniumLibrary">
<arg>${locator}</arg>
<doc>Click the element identified by ``locator``.</doc>
<msg timestamp="20240119 17:01:02.877" level="INFO">Clicking element 'xpath://button[span[text()='Next']]'.</msg>
<status status="PASS" starttime="20240119 17:01:02.877" endtime="20240119 17:01:03.585"/>
</kw>
<status status="PASS" starttime="20240119 17:01:02.691" endtime="20240119 17:01:03.585"/>
</kw>
<status status="PASS" starttime="20240119 17:00:52.556" endtime="20240119 17:01:03.585"/>
</kw>
<kw name="Agent Campaign Selection" library="LoginPageKeywords">
<arg>${user_campaign}</arg>
<kw name="Click Element With Explicit Wait" library="BaseKeywords">
<arg>${select_voice_campaign_input_x}</arg>
<arg>30s</arg>
<kw name="Wait Until Element is Clickable" library="BaseKeywords">
<arg>${locator}</arg>
<arg>${timeout}</arg>
<kw name="Wait Until Element Is Visible" library="SeleniumLibrary">
<arg>${locator}</arg>
<arg>${timeout}</arg>
<doc>Waits until the element ``locator`` is visible.</doc>
<status status="PASS" starttime="20240119 17:01:03.585" endtime="20240119 17:01:05.966"/>
</kw>
<kw name="Wait Until Element Is Enabled" library="SeleniumLibrary">
<arg>${locator}</arg>
<arg>${timeout}</arg>
<doc>Waits until the element ``locator`` is enabled.</doc>
<status status="PASS" starttime="20240119 17:01:05.966" endtime="20240119 17:01:06.163"/>
</kw>
<status status="PASS" starttime="20240119 17:01:03.585" endtime="20240119 17:01:06.163"/>
</kw>
<kw name="Click Element" library="SeleniumLibrary">
<arg>${locator}</arg>
<doc>Click the element identified by ``locator``.</doc>
<msg timestamp="20240119 17:01:06.163" level="INFO">Clicking element 'xpath://input[@placeholder='Select Voice Campaign']'.</msg>
<status status="PASS" starttime="20240119 17:01:06.163" endtime="20240119 17:01:06.930"/>
</kw>
<status status="PASS" starttime="20240119 17:01:03.585" endtime="20240119 17:01:06.930"/>
</kw>
<kw name="Select One Value from Multiple Elements" library="BaseKeywords">
<arg>${voice_campaign_list_x}</arg>
<arg>${user_campaign}</arg>
<kw name="Log To Console" library="BuiltIn">
<arg>value passed by user is ${value}</arg>
<doc>Logs the given message to the console.</doc>
<status status="PASS" starttime="20240119 17:01:06.930" endtime="20240119 17:01:06.930"/>
</kw>
<kw name="Get WebElements" library="SeleniumLibrary">
<var>${elements}</var>
<arg>${locator}</arg>
<doc>Returns a list of WebElement objects matching the ``locator``.</doc>
<msg timestamp="20240119 17:01:06.942" level="INFO">${elements} = [&lt;selenium.webdriver.remote.webelement.WebElement (session="5be212b8ad81934a050efbb0f568c4a7", element="4098D46A24B9FEBA949E6D5E528CD3F0_element_64")&gt;, &lt;selenium.webdriver.remote.webelement.WebElement...</msg>
<status status="PASS" starttime="20240119 17:01:06.930" endtime="20240119 17:01:06.942"/>
</kw>
<for flavor="IN">
<var>${element}</var>
<value>@{elements}</value>
<iter>
<var name="${element}">&lt;selenium.webdriver.remote.webelement.WebElement (session="5be212b8ad81934a050efbb0f568c4a7", element="4098D46A24B9FEBA949E6D5E528CD3F0_element_64")&gt;</var>
<kw name="Get Text" library="SeleniumLibrary">
<var>${text}</var>
<arg>${element}</arg>
<doc>Returns the text value of the element identified by ``locator``.</doc>
<msg timestamp="20240119 17:01:07.002" level="INFO">${text} = Cert_Inbound</msg>
<status status="PASS" starttime="20240119 17:01:06.942" endtime="20240119 17:01:07.002"/>
</kw>
<if>
<branch type="IF" condition="'${text}' == '${value}'">
<kw name="Click Element" library="SeleniumLibrary">
<arg>${element}</arg>
<doc>Click the element identified by ``locator``.</doc>
<status status="NOT RUN" starttime="20240119 17:01:07.003" endtime="20240119 17:01:07.003"/>
</kw>
<kw name="Log To Console" library="BuiltIn">
<arg>clicking on element with text ${text}</arg>
<doc>Logs the given message to the console.</doc>
<status status="NOT RUN" starttime="20240119 17:01:07.003" endtime="20240119 17:01:07.003"/>
</kw>
<break>
<status status="NOT RUN" starttime="20240119 17:01:07.003" endtime="20240119 17:01:07.003"/>
</break>
<status status="NOT RUN" starttime="20240119 17:01:07.002" endtime="20240119 17:01:07.003"/>
</branch>
<status status="PASS" starttime="20240119 17:01:07.002" endtime="20240119 17:01:07.003"/>
</if>
<status status="PASS" starttime="20240119 17:01:06.942" endtime="20240119 17:01:07.003"/>
</iter>
<iter>
<var name="${element}">&lt;selenium.webdriver.remote.webelement.WebElement (session="5be212b8ad81934a050efbb0f568c4a7", element="4098D46A24B9FEBA949E6D5E528CD3F0_element_65")&gt;</var>
<kw name="Get Text" library="SeleniumLibrary">
<var>${text}</var>
<arg>${element}</arg>
<doc>Returns the text value of the element identified by ``locator``.</doc>
<msg timestamp="20240119 17:01:07.007" level="INFO">${text} = Cert_Outbound</msg>
<status status="PASS" starttime="20240119 17:01:07.003" endtime="20240119 17:01:07.007"/>
</kw>
<if>
<branch type="IF" condition="'${text}' == '${value}'">
<kw name="Click Element" library="SeleniumLibrary">
<arg>${element}</arg>
<doc>Click the element identified by ``locator``.</doc>
<msg timestamp="20240119 17:01:07.008" level="INFO">Clicking element '&lt;selenium.webdriver.remote.webelement.WebElement (session="5be212b8ad81934a050efbb0f568c4a7", element="4098D46A24B9FEBA949E6D5E528CD3F0_element_65")&gt;'.</msg>
<status status="PASS" starttime="20240119 17:01:07.008" endtime="20240119 17:01:07.303"/>
</kw>
<kw name="Log To Console" library="BuiltIn">
<arg>clicking on element with text ${text}</arg>
<doc>Logs the given message to the console.</doc>
<status status="PASS" starttime="20240119 17:01:07.304" endtime="20240119 17:01:07.304"/>
</kw>
<break>
<status status="PASS" starttime="20240119 17:01:07.304" endtime="20240119 17:01:07.304"/>
</break>
<status status="PASS" starttime="20240119 17:01:07.007" endtime="20240119 17:01:07.304"/>
</branch>
<status status="PASS" starttime="20240119 17:01:07.007" endtime="20240119 17:01:07.304"/>
</if>
<status status="PASS" starttime="20240119 17:01:07.003" endtime="20240119 17:01:07.304"/>
</iter>
<status status="PASS" starttime="20240119 17:01:06.942" endtime="20240119 17:01:07.304"/>
</for>
<status status="PASS" starttime="20240119 17:01:06.930" endtime="20240119 17:01:07.304"/>
</kw>
<kw name="Click Element With Explicit Wait" library="BaseKeywords">
<arg>${voice_campaign_select_save_button_x}</arg>
<kw name="Wait Until Element is Clickable" library="BaseKeywords">
<arg>${locator}</arg>
<arg>${timeout}</arg>
<kw name="Wait Until Element Is Visible" library="SeleniumLibrary">
<arg>${locator}</arg>
<arg>${timeout}</arg>
<doc>Waits until the element ``locator`` is visible.</doc>
<status status="PASS" starttime="20240119 17:01:07.304" endtime="20240119 17:01:07.407"/>
</kw>
<kw name="Wait Until Element Is Enabled" library="SeleniumLibrary">
<arg>${locator}</arg>
<arg>${timeout}</arg>
<doc>Waits until the element ``locator`` is enabled.</doc>
<status status="PASS" starttime="20240119 17:01:07.407" endtime="20240119 17:01:07.510"/>
</kw>
<status status="PASS" starttime="20240119 17:01:07.304" endtime="20240119 17:01:07.510"/>
</kw>
<kw name="Click Element" library="SeleniumLibrary">
<arg>${locator}</arg>
<doc>Click the element identified by ``locator``.</doc>
<msg timestamp="20240119 17:01:07.510" level="INFO">Clicking element 'xpath://button[@automationid='camapignSaveBtn']'.</msg>
<status status="PASS" starttime="20240119 17:01:07.510" endtime="20240119 17:01:08.310"/>
</kw>
<status status="PASS" starttime="20240119 17:01:07.304" endtime="20240119 17:01:08.310"/>
</kw>
<status status="PASS" starttime="20240119 17:01:03.585" endtime="20240119 17:01:08.310"/>
</kw>
<kw name="Sleep" library="BuiltIn">
<arg>30s</arg>
<doc>Pauses the test executed for the given time.</doc>
<msg timestamp="20240119 17:01:38.312" level="INFO">Slept 30 seconds</msg>
<status status="PASS" starttime="20240119 17:01:08.311" endtime="20240119 17:01:38.312"/>
</kw>
<kw name="close browser window" library="BaseKeywords" type="TEARDOWN">
<kw name="Get Title" library="SeleniumLibrary">
<var>${Title}</var>
<doc>Returns the title of the current page.</doc>
<msg timestamp="20240119 17:02:00.209" level="INFO">${Title} = Ameyo</msg>
<status status="PASS" starttime="20240119 17:01:38.313" endtime="20240119 17:02:00.210"/>
</kw>
<kw name="Log To Console" library="BuiltIn">
<arg>${Title}</arg>
<doc>Logs the given message to the console.</doc>
<status status="PASS" starttime="20240119 17:02:00.210" endtime="20240119 17:02:00.211"/>
</kw>
<kw name="Close Browser" library="SeleniumLibrary">
<doc>Closes the current browser.</doc>
<status status="PASS" starttime="20240119 17:02:00.211" endtime="20240119 17:02:00.422"/>
</kw>
<status status="PASS" starttime="20240119 17:01:38.313" endtime="20240119 17:02:00.422"/>
</kw>
<doc>Agent is selecting campaign test case</doc>
<tag>Sanity</tag>
<status status="PASS" starttime="20240119 17:00:20.829" endtime="20240119 17:02:00.422"/>
</test>
<status status="PASS" starttime="20240119 17:00:20.725" endtime="20240119 17:02:00.423"/>
</suite>
<statistics>
<total>
<stat pass="1" fail="0" skip="0">All Tests</stat>
</total>
<tag>
<stat pass="1" fail="0" skip="0">Sanity</stat>
</tag>
<suite>
<stat pass="1" fail="0" skip="0" id="s1" name="Test7">Test7</stat>
</suite>
</statistics>
<errors>
</errors>
</robot>
